<?xml version="1.0" encoding="UTF-8"?>
<testng-results ignored="0" total="1" passed="1" failed="0" skipped="0">
  <reporter-output>
  </reporter-output>
  <suite started-at="2023-07-27T12:22:16 IST" name="Suite" finished-at="2023-07-27T12:22:54 IST" duration-ms="38055">
    <groups>
    </groups>
    <test started-at="2023-07-27T12:22:16 IST" name="Test" finished-at="2023-07-27T12:22:54 IST" duration-ms="38055">
      <class name="Test.Testpg">
        <test-method is-config="true" signature="setup()[pri:0, instance:Test.Testpg@33bc72d1]" started-at="2023-07-27T12:22:16 IST" name="setup" finished-at="2023-07-27T12:22:34 IST" duration-ms="18678" status="PASS">
          <reporter-output>
          </reporter-output>
        </test-method> <!-- setup -->
        <test-method signature="testing()[pri:0, instance:Test.Testpg@33bc72d1]" started-at="2023-07-27T12:22:34 IST" name="testing" finished-at="2023-07-27T12:22:54 IST" duration-ms="19339" status="PASS">
          <reporter-output>
          </reporter-output>
        </test-method> <!-- testing -->
      </class> <!-- Test.Testpg -->
    </test> <!-- Test -->
  </suite> <!-- Suite -->
</testng-results>
